<?xml version="1.0" encoding="UTF-8"?>
<!-- Generated by org.testng.reporters.JUnitXMLReporter -->
<testsuite ignored="0" hostname="JYOTI-PC" failures="0" tests="3" name="Default test" time="0.167" errors="0" timestamp="21 Sep 2021 11:25:14 GMT">
  <testcase classname="com.comcast.contact.Contact" name="createContactTest" time="0.027"/>
  <testcase classname="com.comcast.contact.Contact" name="createContactWithOrgTest" time="0.004"/>
  <testcase classname="com.comcast.contact.Contact" name="deleteContactTest" time="0.003"/>
</testsuite> <!-- Default test -->
